{
"C:\\Users\\nscarlyon\\WebstormProjects\\numberToLcd\\src\\lcdNumbers.js":{"path":"C:\\Users\\nscarlyon\\WebstormProjects\\numberToLcd\\src\\lcdNumbers.js","s":{"1":1,"2":1,"3":1,"4":3,"5":3,"6":3,"7":3,"8":3,"9":3,"10":4,"11":4,"12":4,"13":4,"14":3,"15":1,"16":1},"b":{},"f":{"1":1,"2":0,"3":3},"fnMap":{"1":{"name":"(anonymous_1)","line":2,"loc":{"start":{"line":2,"column":18},"end":{"line":2,"column":30}}},"2":{"name":"lcdNumbers","line":3,"loc":{"start":{"line":3,"column":4},"end":{"line":3,"column":26}}},"3":{"name":"(anonymous_3)","line":5,"loc":{"start":{"line":5,"column":27},"end":{"line":5,"column":44}}}},"statementMap":{"1":{"start":{"line":2,"column":0},"end":{"line":23,"column":5}},"2":{"start":{"line":3,"column":4},"end":{"line":4,"column":5}},"3":{"start":{"line":5,"column":4},"end":{"line":21,"column":6}},"4":{"start":{"line":6,"column":8},"end":{"line":6,"column":43}},"5":{"start":{"line":7,"column":8},"end":{"line":10,"column":10}},"6":{"start":{"line":11,"column":8},"end":{"line":11,"column":21}},"7":{"start":{"line":12,"column":8},"end":{"line":12,"column":24}},"8":{"start":{"line":13,"column":8},"end":{"line":13,"column":24}},"9":{"start":{"line":14,"column":8},"end":{"line":19,"column":9}},"10":{"start":{"line":15,"column":12},"end":{"line":15,"column":42}},"11":{"start":{"line":16,"column":12},"end":{"line":16,"column":40}},"12":{"start":{"line":17,"column":12},"end":{"line":17,"column":43}},"13":{"start":{"line":18,"column":12},"end":{"line":18,"column":43}},"14":{"start":{"line":20,"column":8},"end":{"line":20,"column":51}},"15":{"start":{"line":22,"column":4},"end":{"line":22,"column":22}},"16":{"start":{"line":24,"column":0},"end":{"line":24,"column":32}}},"branchMap":{},"l":{"2":1,"3":1,"5":1,"6":3,"7":3,"11":3,"12":3,"13":3,"14":3,"15":4,"16":4,"17":4,"18":4,"20":3,"22":1,"24":1}}}
